<?xml version="1.0" encoding="UTF-8"?>
<!-- Generated by org.testng.reporters.JUnitReportReporter -->
<testsuite hostname="Fonymohapatra" failures="0" tests="2" name="practice.AdvanceReports" time="41.303" errors="0" timestamp="2022-11-02T14:19:47 IST" skipped="0">
  <testcase classname="practice.AdvanceReports" name="failTest" time="20.278"/>
  <system-out>
    <![CDATA[Title not Matching]]>
  </system-out>
  <testcase classname="practice.AdvanceReports" name="passtest" time="21.025"/>
  <system-out>
    <![CDATA[Title Matching]]>
  </system-out>
</testsuite> <!-- practice.AdvanceReports -->
